<?xml version="1.0" encoding="UTF-8"?>
<testsuite xmlns:xsi="http://www.w3.org/2001/XMLSchema-instance" xsi:noNamespaceSchemaLocation="https://maven.apache.org/surefire/maven-surefire-plugin/xsd/surefire-test-report-3.0.xsd" version="3.0" name="com.dev.reCode.VbaJsConverterTest" time="2.083" tests="9" errors="0" skipped="0" failures="0">
  <properties>
[...]
</properties>
  <testcase name="Test3" classname="com.dev.reCode.VbaJsConverterTest" time="0.327"/>
  <testcase name="Test4" classname="com.dev.reCode.VbaJsConverterTest" time="0.218"/>
  <testcase name="Test5" classname="com.dev.reCode.VbaJsConverterTest" time="0.213"/>
  <testcase name="Test6" classname="com.dev.reCode.VbaJsConverterTest" time="0.209"/>
  <testcase name="Test7" classname="com.dev.reCode.VbaJsConverterTest" time="0.207"/>
  <testcase name="Test8" classname="com.dev.reCode.VbaJsConverterTest" time="0.212"/>
  <testcase name="Test9" classname="com.dev.reCode.VbaJsConverterTest" time="0.244"/>
  <testcase name="First test" classname="com.dev.reCode.VbaJsConverterTest" time="0.217"/>
  <testcase name="Second test" classname="com.dev.reCode.VbaJsConverterTest" time="0.214"/>
</testsuite>