<?xml version="1.0" encoding="UTF-8"?>
<testsuite xmlns:xsi="http://www.w3.org/2001/XMLSchema-instance" xsi:noNamespaceSchemaLocation="https://maven.apache.org/surefire/maven-surefire-plugin/xsd/surefire-test-report-3.0.xsd" version="3.0" name="com.dev.reCode.ReCodeApplicationTests" time="2.288" tests="1" errors="0" skipped="0" failures="0">
  <properties>
[...]
</properties>
  <testcase name="contextLoads" classname="com.dev.reCode.ReCodeApplicationTests" time="0.617">
    <system-out><![CDATA[19:31:35.909 [main] INFO org.springframework.test.context.support.AnnotationConfigContextLoaderUtils -- Could not detect default configuration classes for test class [com.dev.reCode.ReCodeApplicationTests]: ReCodeApplicationTests does not declare any static, non-private, non-final, nested classes annotated with @Configuration.
19:31:35.985 [main] INFO org.springframework.boot.test.context.SpringBootTestContextBootstrapper -- Found @SpringBootConfiguration com.dev.reCode.ReCodeApplication for test class com.dev.reCode.ReCodeApplicationTests

  .   ____          _            __ _ _
 /\\ / ___'_ __ _ _(_)_ __  __ _ \ \ \ \
( ( )\___ | '_ | '_| | '_ \/ _` | \ \ \ \
 \\/  ___)| |_)| | | | | || (_| |  ) ) ) )
  '  |____| .__|_| |_|_| |_\__, | / / / /
 =========|_|==============|___/=/_/_/_/
 :: Spring Boot ::                (v3.2.1)

2024-01-11T19:31:36.295+05:00  INFO 5716 --- [           main] com.dev.reCode.ReCodeApplicationTests    : Starting ReCodeApplicationTests using Java 19.0.1 with PID 5716 (started by khali in C:\Users\khali\Desktop\reCode)
2024-01-11T19:31:36.296+05:00  INFO 5716 --- [           main] com.dev.reCode.ReCodeApplicationTests    : No active profile set, falling back to 1 default profile: "default"
2024-01-11T19:31:37.175+05:00  INFO 5716 --- [           main] o.s.b.a.w.s.WelcomePageHandlerMapping    : Adding welcome page template: index
2024-01-11T19:31:37.438+05:00  INFO 5716 --- [           main] com.dev.reCode.ReCodeApplicationTests    : Started ReCodeApplicationTests in 1.337 seconds (process running for 2.091)
]]></system-out>
  </testcase>
</testsuite>